C:\Program Files (x86)\Microsoft Visual Studio\2017\Community\Common7\IDE\VC\VCTargets\Microsoft.CppBuild.targets(387,5): warning MSB8028: la directory intermedia (Release\) contiene file condivisi da un altro progetto (LongAndTheGreatWall.vcxproj, ProvaAssimp.vcxproj). Tale condizione può comportare un comportamento di pulizia e ricompilazione non corretto.
  main.cpp
c:\users\utente\desktop\longonthegreatwall\longonthegreatwall\assimp\include\aiVector2D.h(75): warning C4244: 'return': conversione da 'double' a 'float'. Possibile perdita di dati.
c:\users\utente\desktop\longonthegreatwall\longonthegreatwall\assimp\include\aiQuaternion.h(122): warning C4244: 'inizializzazione': conversione da 'double' a 'float'. Possibile perdita di dati.
c:\users\utente\desktop\longonthegreatwall\longonthegreatwall\assimp\include\aiQuaternion.h(131): warning C4244: 'inizializzazione': conversione da 'double' a 'float'. Possibile perdita di dati.
c:\users\utente\desktop\longonthegreatwall\longonthegreatwall\assimp\include\aiQuaternion.h(140): warning C4244: 'inizializzazione': conversione da 'double' a 'float'. Possibile perdita di dati.
c:\users\utente\desktop\longonthegreatwall\longonthegreatwall\assimp\include\aiQuaternion.h(148): warning C4244: 'inizializzazione': conversione da 'double' a 'float'. Possibile perdita di dati.
c:\users\utente\desktop\longonthegreatwall\longonthegreatwall\assimp\include\aiQuaternion.h(160): warning C4244: 'inizializzazione': conversione da 'double' a 'float'. Possibile perdita di dati.
c:\users\utente\desktop\longonthegreatwall\longonthegreatwall\assimp\include\aiQuaternion.h(160): warning C4244: 'inizializzazione': conversione da 'double' a 'const float'. Possibile perdita di dati.
c:\users\utente\desktop\longonthegreatwall\longonthegreatwall\assimp\include\aiQuaternion.h(161): warning C4244: 'inizializzazione': conversione da 'double' a 'float'. Possibile perdita di dati.
c:\users\utente\desktop\longonthegreatwall\longonthegreatwall\assimp\include\aiQuaternion.h(161): warning C4244: 'inizializzazione': conversione da 'double' a 'const float'. Possibile perdita di dati.
c:\users\utente\desktop\longonthegreatwall\longonthegreatwall\assimp\include\aiQuaternion.h(162): warning C4244: 'inizializzazione': conversione da 'double' a 'float'. Possibile perdita di dati.
c:\users\utente\desktop\longonthegreatwall\longonthegreatwall\assimp\include\aiQuaternion.h(162): warning C4244: 'inizializzazione': conversione da 'double' a 'const float'. Possibile perdita di dati.
c:\users\utente\desktop\longonthegreatwall\longonthegreatwall\assimp\include\aiQuaternion.h(163): warning C4244: 'inizializzazione': conversione da 'double' a 'float'. Possibile perdita di dati.
c:\users\utente\desktop\longonthegreatwall\longonthegreatwall\assimp\include\aiQuaternion.h(163): warning C4244: 'inizializzazione': conversione da 'double' a 'const float'. Possibile perdita di dati.
c:\users\utente\desktop\longonthegreatwall\longonthegreatwall\assimp\include\aiQuaternion.h(164): warning C4244: 'inizializzazione': conversione da 'double' a 'float'. Possibile perdita di dati.
c:\users\utente\desktop\longonthegreatwall\longonthegreatwall\assimp\include\aiQuaternion.h(164): warning C4244: 'inizializzazione': conversione da 'double' a 'const float'. Possibile perdita di dati.
c:\users\utente\desktop\longonthegreatwall\longonthegreatwall\assimp\include\aiQuaternion.h(165): warning C4244: 'inizializzazione': conversione da 'double' a 'float'. Possibile perdita di dati.
c:\users\utente\desktop\longonthegreatwall\longonthegreatwall\assimp\include\aiQuaternion.h(165): warning C4244: 'inizializzazione': conversione da 'double' a 'const float'. Possibile perdita di dati.
c:\users\utente\desktop\longonthegreatwall\longonthegreatwall\assimp\include\aiQuaternion.h(198): warning C4244: 'inizializzazione': conversione da 'double' a 'float'. Possibile perdita di dati.
c:\users\utente\desktop\longonthegreatwall\longonthegreatwall\assimp\include\aiQuaternion.h(198): warning C4244: 'inizializzazione': conversione da 'double' a 'const float'. Possibile perdita di dati.
c:\users\utente\desktop\longonthegreatwall\longonthegreatwall\assimp\include\aiQuaternion.h(199): warning C4244: 'inizializzazione': conversione da 'double' a 'float'. Possibile perdita di dati.
c:\users\utente\desktop\longonthegreatwall\longonthegreatwall\assimp\include\aiQuaternion.h(199): warning C4244: 'inizializzazione': conversione da 'double' a 'const float'. Possibile perdita di dati.
c:\users\utente\desktop\longonthegreatwall\longonthegreatwall\assimp\include\aiQuaternion.h(217): warning C4244: '=': conversione da 'double' a 'float'. Possibile perdita di dati.
c:\users\utente\desktop\longonthegreatwall\longonthegreatwall\assimp\include\aiQuaternion.h(246): warning C4244: '=': conversione da 'double' a 'float'. Possibile perdita di dati.
c:\users\utente\desktop\longonthegreatwall\longonthegreatwall\assimp\include\aiQuaternion.h(247): warning C4244: '=': conversione da 'double' a 'float'. Possibile perdita di dati.
c:\users\utente\desktop\longonthegreatwall\longonthegreatwall\assimp\include\aiQuaternion.h(248): warning C4244: '=': conversione da 'double' a 'float'. Possibile perdita di dati.
c:\users\utente\desktop\longonthegreatwall\longonthegreatwall\assimp\include\aiQuaternion.h(249): warning C4244: '=': conversione da 'double' a 'float'. Possibile perdita di dati.
c:\users\utente\desktop\longonthegreatwall\longonthegreatwall\Utils.h(45): warning C4091: 'static ': ignorato a sinistra di 'Utils' quando non si dichiara alcuna variabile
main.cpp(54): warning C4018: '<': errata corrispondenza tra signed e unsigned
main.cpp(69): warning C4018: '<': errata corrispondenza tra signed e unsigned
main.cpp(311): warning C4101: 'stream': variabile locale senza riferimenti
  Generazione codice in corso...
  0 of 928 functions ( 0.0%) were compiled, the rest were copied from previous compilation.
    0 functions were new in current compilation
    3 functions had inline decision re-evaluated but remain unchanged
  Generazione codice terminata
  LongOnTheGreatWall.vcxproj -> C:\Users\utente\Desktop\LongOnTheGreatWall\Release\LongOnTheGreatWall.exe
