  Dragon.cpp
c:\users\utente\desktop\provaassimp\provaassimp\assimp\include\aivector2d.h(75): warning C4244: 'return': conversione da 'double' a 'float'. Possibile perdita di dati.
c:\users\utente\desktop\provaassimp\provaassimp\assimp\include\aiquaternion.h(122): warning C4244: 'inizializzazione': conversione da 'double' a 'float'. Possibile perdita di dati.
c:\users\utente\desktop\provaassimp\provaassimp\assimp\include\aiquaternion.h(131): warning C4244: 'inizializzazione': conversione da 'double' a 'float'. Possibile perdita di dati.
c:\users\utente\desktop\provaassimp\provaassimp\assimp\include\aiquaternion.h(140): warning C4244: 'inizializzazione': conversione da 'double' a 'float'. Possibile perdita di dati.
c:\users\utente\desktop\provaassimp\provaassimp\assimp\include\aiquaternion.h(148): warning C4244: 'inizializzazione': conversione da 'double' a 'float'. Possibile perdita di dati.
c:\users\utente\desktop\provaassimp\provaassimp\assimp\include\aiquaternion.h(160): warning C4244: 'inizializzazione': conversione da 'double' a 'float'. Possibile perdita di dati.
c:\users\utente\desktop\provaassimp\provaassimp\assimp\include\aiquaternion.h(160): warning C4244: 'inizializzazione': conversione da 'double' a 'const float'. Possibile perdita di dati.
c:\users\utente\desktop\provaassimp\provaassimp\assimp\include\aiquaternion.h(161): warning C4244: 'inizializzazione': conversione da 'double' a 'float'. Possibile perdita di dati.
c:\users\utente\desktop\provaassimp\provaassimp\assimp\include\aiquaternion.h(161): warning C4244: 'inizializzazione': conversione da 'double' a 'const float'. Possibile perdita di dati.
c:\users\utente\desktop\provaassimp\provaassimp\assimp\include\aiquaternion.h(162): warning C4244: 'inizializzazione': conversione da 'double' a 'float'. Possibile perdita di dati.
c:\users\utente\desktop\provaassimp\provaassimp\assimp\include\aiquaternion.h(162): warning C4244: 'inizializzazione': conversione da 'double' a 'const float'. Possibile perdita di dati.
c:\users\utente\desktop\provaassimp\provaassimp\assimp\include\aiquaternion.h(163): warning C4244: 'inizializzazione': conversione da 'double' a 'float'. Possibile perdita di dati.
c:\users\utente\desktop\provaassimp\provaassimp\assimp\include\aiquaternion.h(163): warning C4244: 'inizializzazione': conversione da 'double' a 'const float'. Possibile perdita di dati.
c:\users\utente\desktop\provaassimp\provaassimp\assimp\include\aiquaternion.h(164): warning C4244: 'inizializzazione': conversione da 'double' a 'float'. Possibile perdita di dati.
c:\users\utente\desktop\provaassimp\provaassimp\assimp\include\aiquaternion.h(164): warning C4244: 'inizializzazione': conversione da 'double' a 'const float'. Possibile perdita di dati.
c:\users\utente\desktop\provaassimp\provaassimp\assimp\include\aiquaternion.h(165): warning C4244: 'inizializzazione': conversione da 'double' a 'float'. Possibile perdita di dati.
c:\users\utente\desktop\provaassimp\provaassimp\assimp\include\aiquaternion.h(165): warning C4244: 'inizializzazione': conversione da 'double' a 'const float'. Possibile perdita di dati.
c:\users\utente\desktop\provaassimp\provaassimp\assimp\include\aiquaternion.h(198): warning C4244: 'inizializzazione': conversione da 'double' a 'float'. Possibile perdita di dati.
c:\users\utente\desktop\provaassimp\provaassimp\assimp\include\aiquaternion.h(198): warning C4244: 'inizializzazione': conversione da 'double' a 'const float'. Possibile perdita di dati.
c:\users\utente\desktop\provaassimp\provaassimp\assimp\include\aiquaternion.h(199): warning C4244: 'inizializzazione': conversione da 'double' a 'float'. Possibile perdita di dati.
c:\users\utente\desktop\provaassimp\provaassimp\assimp\include\aiquaternion.h(199): warning C4244: 'inizializzazione': conversione da 'double' a 'const float'. Possibile perdita di dati.
c:\users\utente\desktop\provaassimp\provaassimp\assimp\include\aiquaternion.h(217): warning C4244: '=': conversione da 'double' a 'float'. Possibile perdita di dati.
c:\users\utente\desktop\provaassimp\provaassimp\assimp\include\aiquaternion.h(246): warning C4244: '=': conversione da 'double' a 'float'. Possibile perdita di dati.
c:\users\utente\desktop\provaassimp\provaassimp\assimp\include\aiquaternion.h(247): warning C4244: '=': conversione da 'double' a 'float'. Possibile perdita di dati.
c:\users\utente\desktop\provaassimp\provaassimp\assimp\include\aiquaternion.h(248): warning C4244: '=': conversione da 'double' a 'float'. Possibile perdita di dati.
c:\users\utente\desktop\provaassimp\provaassimp\assimp\include\aiquaternion.h(249): warning C4244: '=': conversione da 'double' a 'float'. Possibile perdita di dati.
c:\users\utente\desktop\provaassimp\provaassimp\utils.h(47): warning C4091: 'static ': ignorato a sinistra di 'Utils' quando non si dichiara alcuna variabile
  Generazione del codice in corso...
  Compilazione in corso...
  main.cpp
c:\users\utente\desktop\provaassimp\provaassimp\assimp\include\aivector2d.h(75): warning C4244: 'return': conversione da 'double' a 'float'. Possibile perdita di dati.
c:\users\utente\desktop\provaassimp\provaassimp\assimp\include\aiquaternion.h(122): warning C4244: 'inizializzazione': conversione da 'double' a 'float'. Possibile perdita di dati.
c:\users\utente\desktop\provaassimp\provaassimp\assimp\include\aiquaternion.h(131): warning C4244: 'inizializzazione': conversione da 'double' a 'float'. Possibile perdita di dati.
c:\users\utente\desktop\provaassimp\provaassimp\assimp\include\aiquaternion.h(140): warning C4244: 'inizializzazione': conversione da 'double' a 'float'. Possibile perdita di dati.
c:\users\utente\desktop\provaassimp\provaassimp\assimp\include\aiquaternion.h(148): warning C4244: 'inizializzazione': conversione da 'double' a 'float'. Possibile perdita di dati.
c:\users\utente\desktop\provaassimp\provaassimp\assimp\include\aiquaternion.h(160): warning C4244: 'inizializzazione': conversione da 'double' a 'float'. Possibile perdita di dati.
c:\users\utente\desktop\provaassimp\provaassimp\assimp\include\aiquaternion.h(160): warning C4244: 'inizializzazione': conversione da 'double' a 'const float'. Possibile perdita di dati.
c:\users\utente\desktop\provaassimp\provaassimp\assimp\include\aiquaternion.h(161): warning C4244: 'inizializzazione': conversione da 'double' a 'float'. Possibile perdita di dati.
c:\users\utente\desktop\provaassimp\provaassimp\assimp\include\aiquaternion.h(161): warning C4244: 'inizializzazione': conversione da 'double' a 'const float'. Possibile perdita di dati.
c:\users\utente\desktop\provaassimp\provaassimp\assimp\include\aiquaternion.h(162): warning C4244: 'inizializzazione': conversione da 'double' a 'float'. Possibile perdita di dati.
c:\users\utente\desktop\provaassimp\provaassimp\assimp\include\aiquaternion.h(162): warning C4244: 'inizializzazione': conversione da 'double' a 'const float'. Possibile perdita di dati.
c:\users\utente\desktop\provaassimp\provaassimp\assimp\include\aiquaternion.h(163): warning C4244: 'inizializzazione': conversione da 'double' a 'float'. Possibile perdita di dati.
c:\users\utente\desktop\provaassimp\provaassimp\assimp\include\aiquaternion.h(163): warning C4244: 'inizializzazione': conversione da 'double' a 'const float'. Possibile perdita di dati.
c:\users\utente\desktop\provaassimp\provaassimp\assimp\include\aiquaternion.h(164): warning C4244: 'inizializzazione': conversione da 'double' a 'float'. Possibile perdita di dati.
c:\users\utente\desktop\provaassimp\provaassimp\assimp\include\aiquaternion.h(164): warning C4244: 'inizializzazione': conversione da 'double' a 'const float'. Possibile perdita di dati.
c:\users\utente\desktop\provaassimp\provaassimp\assimp\include\aiquaternion.h(165): warning C4244: 'inizializzazione': conversione da 'double' a 'float'. Possibile perdita di dati.
c:\users\utente\desktop\provaassimp\provaassimp\assimp\include\aiquaternion.h(165): warning C4244: 'inizializzazione': conversione da 'double' a 'const float'. Possibile perdita di dati.
c:\users\utente\desktop\provaassimp\provaassimp\assimp\include\aiquaternion.h(198): warning C4244: 'inizializzazione': conversione da 'double' a 'float'. Possibile perdita di dati.
c:\users\utente\desktop\provaassimp\provaassimp\assimp\include\aiquaternion.h(198): warning C4244: 'inizializzazione': conversione da 'double' a 'const float'. Possibile perdita di dati.
c:\users\utente\desktop\provaassimp\provaassimp\assimp\include\aiquaternion.h(199): warning C4244: 'inizializzazione': conversione da 'double' a 'float'. Possibile perdita di dati.
c:\users\utente\desktop\provaassimp\provaassimp\assimp\include\aiquaternion.h(199): warning C4244: 'inizializzazione': conversione da 'double' a 'const float'. Possibile perdita di dati.
c:\users\utente\desktop\provaassimp\provaassimp\assimp\include\aiquaternion.h(217): warning C4244: '=': conversione da 'double' a 'float'. Possibile perdita di dati.
c:\users\utente\desktop\provaassimp\provaassimp\assimp\include\aiquaternion.h(246): warning C4244: '=': conversione da 'double' a 'float'. Possibile perdita di dati.
c:\users\utente\desktop\provaassimp\provaassimp\assimp\include\aiquaternion.h(247): warning C4244: '=': conversione da 'double' a 'float'. Possibile perdita di dati.
c:\users\utente\desktop\provaassimp\provaassimp\assimp\include\aiquaternion.h(248): warning C4244: '=': conversione da 'double' a 'float'. Possibile perdita di dati.
c:\users\utente\desktop\provaassimp\provaassimp\assimp\include\aiquaternion.h(249): warning C4244: '=': conversione da 'double' a 'float'. Possibile perdita di dati.
c:\users\utente\desktop\provaassimp\provaassimp\utils.h(47): warning C4091: 'static ': ignorato a sinistra di 'Utils' quando non si dichiara alcuna variabile
c:\users\utente\desktop\provaassimp\provaassimp\main.cpp(44): warning C4018: '<': errata corrispondenza tra signed e unsigned
c:\users\utente\desktop\provaassimp\provaassimp\main.cpp(59): warning C4018: '<': errata corrispondenza tra signed e unsigned
c:\users\utente\desktop\provaassimp\provaassimp\main.cpp(236): warning C4101: 'stream': variabile locale senza riferimenti
  Generazione del codice in corso...
  ProvaAssimp.vcxproj -> C:\Users\utente\Desktop\ProvaAssimp\Debug\ProvaAssimp.exe
  ProvaAssimp.vcxproj -> C:\Users\utente\Desktop\ProvaAssimp\Debug\ProvaAssimp.pdb (Partial PDB)
