c:\users\utente\desktop\provaassimp\provaassimp\debug\vc141.pdb
c:\users\utente\desktop\provaassimp\provaassimp\debug\vc141.idb
c:\users\utente\desktop\provaassimp\provaassimp\debug\block.obj
c:\users\utente\desktop\provaassimp\provaassimp\debug\collectible.obj
c:\users\utente\desktop\provaassimp\provaassimp\debug\dragon.obj
c:\users\utente\desktop\provaassimp\provaassimp\debug\level.obj
c:\users\utente\desktop\provaassimp\provaassimp\debug\obstacle.obj
c:\users\utente\desktop\provaassimp\provaassimp\debug\utils.obj
c:\users\utente\desktop\provaassimp\provaassimp\debug\main.obj
c:\users\utente\desktop\provaassimp\provaassimp\debug\collectible.obj.enc
c:\users\utente\desktop\provaassimp\provaassimp\debug\obstacle.obj.enc
c:\users\utente\desktop\provaassimp\debug\provaassimp.pdb
c:\users\utente\desktop\provaassimp\provaassimp\debug\provaassimp.tlog\cl.command.1.tlog
c:\users\utente\desktop\provaassimp\provaassimp\debug\provaassimp.tlog\cl.read.1.tlog
c:\users\utente\desktop\provaassimp\provaassimp\debug\provaassimp.tlog\cl.write.1.tlog
c:\users\utente\desktop\provaassimp\provaassimp\debug\provaassimp.tlog\link-cvtres.read.1.tlog
c:\users\utente\desktop\provaassimp\provaassimp\debug\provaassimp.tlog\link-cvtres.write.1.tlog
c:\users\utente\desktop\provaassimp\provaassimp\debug\provaassimp.tlog\link-rc.read.1.tlog
c:\users\utente\desktop\provaassimp\provaassimp\debug\provaassimp.tlog\link-rc.write.1.tlog
c:\users\utente\desktop\provaassimp\provaassimp\debug\provaassimp.tlog\link.12872-cvtres.read.1.tlog
c:\users\utente\desktop\provaassimp\provaassimp\debug\provaassimp.tlog\link.12872-cvtres.write.1.tlog
c:\users\utente\desktop\provaassimp\provaassimp\debug\provaassimp.tlog\link.12872-rc.read.1.tlog
c:\users\utente\desktop\provaassimp\provaassimp\debug\provaassimp.tlog\link.12872-rc.write.1.tlog
c:\users\utente\desktop\provaassimp\provaassimp\debug\provaassimp.tlog\link.12872.read.1.tlog
c:\users\utente\desktop\provaassimp\provaassimp\debug\provaassimp.tlog\link.12872.write.1.tlog
c:\users\utente\desktop\provaassimp\provaassimp\debug\provaassimp.tlog\link.command.1.tlog
c:\users\utente\desktop\provaassimp\provaassimp\debug\provaassimp.tlog\link.read.1.tlog
c:\users\utente\desktop\provaassimp\provaassimp\debug\provaassimp.tlog\link.write.1.tlog
