C:\Program Files (x86)\Microsoft Visual Studio\2017\Community\Common7\IDE\VC\VCTargets\Microsoft.CppBuild.targets(387,5): warning MSB8028: la directory intermedia (Debug\) contiene file condivisi da un altro progetto (LongAndTheGreatWall.vcxproj, ProvaAssimp.vcxproj). Tale condizione può comportare un comportamento di pulizia e ricompilazione non corretto.
  main.cpp
c:\users\utente\desktop\longonthegreatwall\longonthegreatwall\assimp\include\aivector2d.h(75): warning C4244: 'return': conversione da 'double' a 'float'. Possibile perdita di dati.
c:\users\utente\desktop\longonthegreatwall\longonthegreatwall\assimp\include\aiquaternion.h(122): warning C4244: 'inizializzazione': conversione da 'double' a 'float'. Possibile perdita di dati.
c:\users\utente\desktop\longonthegreatwall\longonthegreatwall\assimp\include\aiquaternion.h(131): warning C4244: 'inizializzazione': conversione da 'double' a 'float'. Possibile perdita di dati.
c:\users\utente\desktop\longonthegreatwall\longonthegreatwall\assimp\include\aiquaternion.h(140): warning C4244: 'inizializzazione': conversione da 'double' a 'float'. Possibile perdita di dati.
c:\users\utente\desktop\longonthegreatwall\longonthegreatwall\assimp\include\aiquaternion.h(148): warning C4244: 'inizializzazione': conversione da 'double' a 'float'. Possibile perdita di dati.
c:\users\utente\desktop\longonthegreatwall\longonthegreatwall\assimp\include\aiquaternion.h(160): warning C4244: 'inizializzazione': conversione da 'double' a 'float'. Possibile perdita di dati.
c:\users\utente\desktop\longonthegreatwall\longonthegreatwall\assimp\include\aiquaternion.h(160): warning C4244: 'inizializzazione': conversione da 'double' a 'const float'. Possibile perdita di dati.
c:\users\utente\desktop\longonthegreatwall\longonthegreatwall\assimp\include\aiquaternion.h(161): warning C4244: 'inizializzazione': conversione da 'double' a 'float'. Possibile perdita di dati.
c:\users\utente\desktop\longonthegreatwall\longonthegreatwall\assimp\include\aiquaternion.h(161): warning C4244: 'inizializzazione': conversione da 'double' a 'const float'. Possibile perdita di dati.
c:\users\utente\desktop\longonthegreatwall\longonthegreatwall\assimp\include\aiquaternion.h(162): warning C4244: 'inizializzazione': conversione da 'double' a 'float'. Possibile perdita di dati.
c:\users\utente\desktop\longonthegreatwall\longonthegreatwall\assimp\include\aiquaternion.h(162): warning C4244: 'inizializzazione': conversione da 'double' a 'const float'. Possibile perdita di dati.
c:\users\utente\desktop\longonthegreatwall\longonthegreatwall\assimp\include\aiquaternion.h(163): warning C4244: 'inizializzazione': conversione da 'double' a 'float'. Possibile perdita di dati.
c:\users\utente\desktop\longonthegreatwall\longonthegreatwall\assimp\include\aiquaternion.h(163): warning C4244: 'inizializzazione': conversione da 'double' a 'const float'. Possibile perdita di dati.
c:\users\utente\desktop\longonthegreatwall\longonthegreatwall\assimp\include\aiquaternion.h(164): warning C4244: 'inizializzazione': conversione da 'double' a 'float'. Possibile perdita di dati.
c:\users\utente\desktop\longonthegreatwall\longonthegreatwall\assimp\include\aiquaternion.h(164): warning C4244: 'inizializzazione': conversione da 'double' a 'const float'. Possibile perdita di dati.
c:\users\utente\desktop\longonthegreatwall\longonthegreatwall\assimp\include\aiquaternion.h(165): warning C4244: 'inizializzazione': conversione da 'double' a 'float'. Possibile perdita di dati.
c:\users\utente\desktop\longonthegreatwall\longonthegreatwall\assimp\include\aiquaternion.h(165): warning C4244: 'inizializzazione': conversione da 'double' a 'const float'. Possibile perdita di dati.
c:\users\utente\desktop\longonthegreatwall\longonthegreatwall\assimp\include\aiquaternion.h(198): warning C4244: 'inizializzazione': conversione da 'double' a 'float'. Possibile perdita di dati.
c:\users\utente\desktop\longonthegreatwall\longonthegreatwall\assimp\include\aiquaternion.h(198): warning C4244: 'inizializzazione': conversione da 'double' a 'const float'. Possibile perdita di dati.
c:\users\utente\desktop\longonthegreatwall\longonthegreatwall\assimp\include\aiquaternion.h(199): warning C4244: 'inizializzazione': conversione da 'double' a 'float'. Possibile perdita di dati.
c:\users\utente\desktop\longonthegreatwall\longonthegreatwall\assimp\include\aiquaternion.h(199): warning C4244: 'inizializzazione': conversione da 'double' a 'const float'. Possibile perdita di dati.
c:\users\utente\desktop\longonthegreatwall\longonthegreatwall\assimp\include\aiquaternion.h(217): warning C4244: '=': conversione da 'double' a 'float'. Possibile perdita di dati.
c:\users\utente\desktop\longonthegreatwall\longonthegreatwall\assimp\include\aiquaternion.h(246): warning C4244: '=': conversione da 'double' a 'float'. Possibile perdita di dati.
c:\users\utente\desktop\longonthegreatwall\longonthegreatwall\assimp\include\aiquaternion.h(247): warning C4244: '=': conversione da 'double' a 'float'. Possibile perdita di dati.
c:\users\utente\desktop\longonthegreatwall\longonthegreatwall\assimp\include\aiquaternion.h(248): warning C4244: '=': conversione da 'double' a 'float'. Possibile perdita di dati.
c:\users\utente\desktop\longonthegreatwall\longonthegreatwall\assimp\include\aiquaternion.h(249): warning C4244: '=': conversione da 'double' a 'float'. Possibile perdita di dati.
c:\users\utente\desktop\longonthegreatwall\longonthegreatwall\utils.h(45): warning C4091: 'static ': ignorato a sinistra di 'Utils' quando non si dichiara alcuna variabile
c:\users\utente\desktop\longonthegreatwall\longonthegreatwall\main.cpp(54): warning C4018: '<': errata corrispondenza tra signed e unsigned
c:\users\utente\desktop\longonthegreatwall\longonthegreatwall\main.cpp(69): warning C4018: '<': errata corrispondenza tra signed e unsigned
c:\users\utente\desktop\longonthegreatwall\longonthegreatwall\main.cpp(311): warning C4101: 'stream': variabile locale senza riferimenti
  LongOnTheGreatWall.vcxproj -> C:\Users\utente\Desktop\LongOnTheGreatWall\Debug\LongOnTheGreatWall.exe
  LongOnTheGreatWall.vcxproj -> C:\Users\utente\Desktop\LongOnTheGreatWall\Debug\LongOnTheGreatWall.pdb (Partial PDB)
