c:\users\utente\desktop\provaassimp\provaassimp\debug\vc141.pdb
c:\users\utente\desktop\provaassimp\provaassimp\debug\vc141.idb
c:\users\utente\desktop\provaassimp\provaassimp\debug\block.obj
c:\users\utente\desktop\provaassimp\provaassimp\debug\collectible.obj
c:\users\utente\desktop\provaassimp\provaassimp\debug\dragon.obj
c:\users\utente\desktop\provaassimp\provaassimp\debug\level.obj
c:\users\utente\desktop\provaassimp\provaassimp\debug\main.obj
c:\users\utente\desktop\provaassimp\provaassimp\debug\obstacle.obj
c:\users\utente\desktop\provaassimp\provaassimp\debug\utils.obj
c:\users\utente\desktop\provaassimp\debug\longandthegreatwall.ilk
c:\users\utente\desktop\provaassimp\debug\longandthegreatwall.exe
c:\users\utente\desktop\provaassimp\debug\longandthegreatwall.pdb
c:\users\utente\desktop\provaassimp\longandthegreatwall\debug\block.obj
c:\users\utente\desktop\provaassimp\longandthegreatwall\debug\collectible.obj
c:\users\utente\desktop\provaassimp\longandthegreatwall\debug\dragon.obj
c:\users\utente\desktop\provaassimp\longandthegreatwall\debug\level.obj
c:\users\utente\desktop\provaassimp\longandthegreatwall\debug\main.obj
c:\users\utente\desktop\provaassimp\longandthegreatwall\debug\obstacle.obj
c:\users\utente\desktop\provaassimp\longandthegreatwall\debug\utils.obj
c:\users\utente\desktop\provaassimp\longandthegreatwall\debug\vc141.idb
c:\users\utente\desktop\provaassimp\longandthegreatwall\debug\vc141.pdb
c:\users\utente\desktop\provaassimp\longandthegreatwall\debug\longandt.e5da816b.tlog\cl.command.1.tlog
c:\users\utente\desktop\provaassimp\longandthegreatwall\debug\longandt.e5da816b.tlog\cl.read.1.tlog
c:\users\utente\desktop\provaassimp\longandthegreatwall\debug\longandt.e5da816b.tlog\cl.write.1.tlog
c:\users\utente\desktop\provaassimp\longandthegreatwall\debug\longandt.e5da816b.tlog\link.command.1.tlog
c:\users\utente\desktop\provaassimp\longandthegreatwall\debug\longandt.e5da816b.tlog\link.read.1.tlog
c:\users\utente\desktop\provaassimp\longandthegreatwall\debug\longandt.e5da816b.tlog\link.write.1.tlog
