  Block.cpp
c:\users\utente\desktop\provaassimp\provaassimp\assimp\include\aiVector2D.h(75): warning C4244: 'return': conversione da 'double' a 'float'. Possibile perdita di dati.
c:\users\utente\desktop\provaassimp\provaassimp\assimp\include\aiQuaternion.h(122): warning C4244: 'inizializzazione': conversione da 'double' a 'float'. Possibile perdita di dati.
c:\users\utente\desktop\provaassimp\provaassimp\assimp\include\aiQuaternion.h(131): warning C4244: 'inizializzazione': conversione da 'double' a 'float'. Possibile perdita di dati.
c:\users\utente\desktop\provaassimp\provaassimp\assimp\include\aiQuaternion.h(140): warning C4244: 'inizializzazione': conversione da 'double' a 'float'. Possibile perdita di dati.
c:\users\utente\desktop\provaassimp\provaassimp\assimp\include\aiQuaternion.h(148): warning C4244: 'inizializzazione': conversione da 'double' a 'float'. Possibile perdita di dati.
c:\users\utente\desktop\provaassimp\provaassimp\assimp\include\aiQuaternion.h(160): warning C4244: 'inizializzazione': conversione da 'double' a 'float'. Possibile perdita di dati.
c:\users\utente\desktop\provaassimp\provaassimp\assimp\include\aiQuaternion.h(160): warning C4244: 'inizializzazione': conversione da 'double' a 'const float'. Possibile perdita di dati.
c:\users\utente\desktop\provaassimp\provaassimp\assimp\include\aiQuaternion.h(161): warning C4244: 'inizializzazione': conversione da 'double' a 'float'. Possibile perdita di dati.
c:\users\utente\desktop\provaassimp\provaassimp\assimp\include\aiQuaternion.h(161): warning C4244: 'inizializzazione': conversione da 'double' a 'const float'. Possibile perdita di dati.
c:\users\utente\desktop\provaassimp\provaassimp\assimp\include\aiQuaternion.h(162): warning C4244: 'inizializzazione': conversione da 'double' a 'float'. Possibile perdita di dati.
c:\users\utente\desktop\provaassimp\provaassimp\assimp\include\aiQuaternion.h(162): warning C4244: 'inizializzazione': conversione da 'double' a 'const float'. Possibile perdita di dati.
c:\users\utente\desktop\provaassimp\provaassimp\assimp\include\aiQuaternion.h(163): warning C4244: 'inizializzazione': conversione da 'double' a 'float'. Possibile perdita di dati.
c:\users\utente\desktop\provaassimp\provaassimp\assimp\include\aiQuaternion.h(163): warning C4244: 'inizializzazione': conversione da 'double' a 'const float'. Possibile perdita di dati.
c:\users\utente\desktop\provaassimp\provaassimp\assimp\include\aiQuaternion.h(164): warning C4244: 'inizializzazione': conversione da 'double' a 'float'. Possibile perdita di dati.
c:\users\utente\desktop\provaassimp\provaassimp\assimp\include\aiQuaternion.h(164): warning C4244: 'inizializzazione': conversione da 'double' a 'const float'. Possibile perdita di dati.
c:\users\utente\desktop\provaassimp\provaassimp\assimp\include\aiQuaternion.h(165): warning C4244: 'inizializzazione': conversione da 'double' a 'float'. Possibile perdita di dati.
c:\users\utente\desktop\provaassimp\provaassimp\assimp\include\aiQuaternion.h(165): warning C4244: 'inizializzazione': conversione da 'double' a 'const float'. Possibile perdita di dati.
c:\users\utente\desktop\provaassimp\provaassimp\assimp\include\aiQuaternion.h(198): warning C4244: 'inizializzazione': conversione da 'double' a 'float'. Possibile perdita di dati.
c:\users\utente\desktop\provaassimp\provaassimp\assimp\include\aiQuaternion.h(198): warning C4244: 'inizializzazione': conversione da 'double' a 'const float'. Possibile perdita di dati.
c:\users\utente\desktop\provaassimp\provaassimp\assimp\include\aiQuaternion.h(199): warning C4244: 'inizializzazione': conversione da 'double' a 'float'. Possibile perdita di dati.
c:\users\utente\desktop\provaassimp\provaassimp\assimp\include\aiQuaternion.h(199): warning C4244: 'inizializzazione': conversione da 'double' a 'const float'. Possibile perdita di dati.
c:\users\utente\desktop\provaassimp\provaassimp\assimp\include\aiQuaternion.h(217): warning C4244: '=': conversione da 'double' a 'float'. Possibile perdita di dati.
c:\users\utente\desktop\provaassimp\provaassimp\assimp\include\aiQuaternion.h(246): warning C4244: '=': conversione da 'double' a 'float'. Possibile perdita di dati.
c:\users\utente\desktop\provaassimp\provaassimp\assimp\include\aiQuaternion.h(247): warning C4244: '=': conversione da 'double' a 'float'. Possibile perdita di dati.
c:\users\utente\desktop\provaassimp\provaassimp\assimp\include\aiQuaternion.h(248): warning C4244: '=': conversione da 'double' a 'float'. Possibile perdita di dati.
c:\users\utente\desktop\provaassimp\provaassimp\assimp\include\aiQuaternion.h(249): warning C4244: '=': conversione da 'double' a 'float'. Possibile perdita di dati.
c:\users\utente\desktop\provaassimp\provaassimp\Utils.h(45): warning C4091: 'static ': ignorato a sinistra di 'Utils' quando non si dichiara alcuna variabile
  Collectible.cpp
c:\users\utente\desktop\provaassimp\provaassimp\assimp\include\aiVector2D.h(75): warning C4244: 'return': conversione da 'double' a 'float'. Possibile perdita di dati.
c:\users\utente\desktop\provaassimp\provaassimp\assimp\include\aiQuaternion.h(122): warning C4244: 'inizializzazione': conversione da 'double' a 'float'. Possibile perdita di dati.
c:\users\utente\desktop\provaassimp\provaassimp\assimp\include\aiQuaternion.h(131): warning C4244: 'inizializzazione': conversione da 'double' a 'float'. Possibile perdita di dati.
c:\users\utente\desktop\provaassimp\provaassimp\assimp\include\aiQuaternion.h(140): warning C4244: 'inizializzazione': conversione da 'double' a 'float'. Possibile perdita di dati.
c:\users\utente\desktop\provaassimp\provaassimp\assimp\include\aiQuaternion.h(148): warning C4244: 'inizializzazione': conversione da 'double' a 'float'. Possibile perdita di dati.
c:\users\utente\desktop\provaassimp\provaassimp\assimp\include\aiQuaternion.h(160): warning C4244: 'inizializzazione': conversione da 'double' a 'float'. Possibile perdita di dati.
c:\users\utente\desktop\provaassimp\provaassimp\assimp\include\aiQuaternion.h(160): warning C4244: 'inizializzazione': conversione da 'double' a 'const float'. Possibile perdita di dati.
c:\users\utente\desktop\provaassimp\provaassimp\assimp\include\aiQuaternion.h(161): warning C4244: 'inizializzazione': conversione da 'double' a 'float'. Possibile perdita di dati.
c:\users\utente\desktop\provaassimp\provaassimp\assimp\include\aiQuaternion.h(161): warning C4244: 'inizializzazione': conversione da 'double' a 'const float'. Possibile perdita di dati.
c:\users\utente\desktop\provaassimp\provaassimp\assimp\include\aiQuaternion.h(162): warning C4244: 'inizializzazione': conversione da 'double' a 'float'. Possibile perdita di dati.
c:\users\utente\desktop\provaassimp\provaassimp\assimp\include\aiQuaternion.h(162): warning C4244: 'inizializzazione': conversione da 'double' a 'const float'. Possibile perdita di dati.
c:\users\utente\desktop\provaassimp\provaassimp\assimp\include\aiQuaternion.h(163): warning C4244: 'inizializzazione': conversione da 'double' a 'float'. Possibile perdita di dati.
c:\users\utente\desktop\provaassimp\provaassimp\assimp\include\aiQuaternion.h(163): warning C4244: 'inizializzazione': conversione da 'double' a 'const float'. Possibile perdita di dati.
c:\users\utente\desktop\provaassimp\provaassimp\assimp\include\aiQuaternion.h(164): warning C4244: 'inizializzazione': conversione da 'double' a 'float'. Possibile perdita di dati.
c:\users\utente\desktop\provaassimp\provaassimp\assimp\include\aiQuaternion.h(164): warning C4244: 'inizializzazione': conversione da 'double' a 'const float'. Possibile perdita di dati.
c:\users\utente\desktop\provaassimp\provaassimp\assimp\include\aiQuaternion.h(165): warning C4244: 'inizializzazione': conversione da 'double' a 'float'. Possibile perdita di dati.
c:\users\utente\desktop\provaassimp\provaassimp\assimp\include\aiQuaternion.h(165): warning C4244: 'inizializzazione': conversione da 'double' a 'const float'. Possibile perdita di dati.
c:\users\utente\desktop\provaassimp\provaassimp\assimp\include\aiQuaternion.h(198): warning C4244: 'inizializzazione': conversione da 'double' a 'float'. Possibile perdita di dati.
c:\users\utente\desktop\provaassimp\provaassimp\assimp\include\aiQuaternion.h(198): warning C4244: 'inizializzazione': conversione da 'double' a 'const float'. Possibile perdita di dati.
c:\users\utente\desktop\provaassimp\provaassimp\assimp\include\aiQuaternion.h(199): warning C4244: 'inizializzazione': conversione da 'double' a 'float'. Possibile perdita di dati.
c:\users\utente\desktop\provaassimp\provaassimp\assimp\include\aiQuaternion.h(199): warning C4244: 'inizializzazione': conversione da 'double' a 'const float'. Possibile perdita di dati.
c:\users\utente\desktop\provaassimp\provaassimp\assimp\include\aiQuaternion.h(217): warning C4244: '=': conversione da 'double' a 'float'. Possibile perdita di dati.
c:\users\utente\desktop\provaassimp\provaassimp\assimp\include\aiQuaternion.h(246): warning C4244: '=': conversione da 'double' a 'float'. Possibile perdita di dati.
c:\users\utente\desktop\provaassimp\provaassimp\assimp\include\aiQuaternion.h(247): warning C4244: '=': conversione da 'double' a 'float'. Possibile perdita di dati.
c:\users\utente\desktop\provaassimp\provaassimp\assimp\include\aiQuaternion.h(248): warning C4244: '=': conversione da 'double' a 'float'. Possibile perdita di dati.
c:\users\utente\desktop\provaassimp\provaassimp\assimp\include\aiQuaternion.h(249): warning C4244: '=': conversione da 'double' a 'float'. Possibile perdita di dati.
c:\users\utente\desktop\provaassimp\provaassimp\Utils.h(45): warning C4091: 'static ': ignorato a sinistra di 'Utils' quando non si dichiara alcuna variabile
  Dragon.cpp
c:\users\utente\desktop\provaassimp\provaassimp\assimp\include\aiVector2D.h(75): warning C4244: 'return': conversione da 'double' a 'float'. Possibile perdita di dati.
c:\users\utente\desktop\provaassimp\provaassimp\assimp\include\aiQuaternion.h(122): warning C4244: 'inizializzazione': conversione da 'double' a 'float'. Possibile perdita di dati.
c:\users\utente\desktop\provaassimp\provaassimp\assimp\include\aiQuaternion.h(131): warning C4244: 'inizializzazione': conversione da 'double' a 'float'. Possibile perdita di dati.
c:\users\utente\desktop\provaassimp\provaassimp\assimp\include\aiQuaternion.h(140): warning C4244: 'inizializzazione': conversione da 'double' a 'float'. Possibile perdita di dati.
c:\users\utente\desktop\provaassimp\provaassimp\assimp\include\aiQuaternion.h(148): warning C4244: 'inizializzazione': conversione da 'double' a 'float'. Possibile perdita di dati.
c:\users\utente\desktop\provaassimp\provaassimp\assimp\include\aiQuaternion.h(160): warning C4244: 'inizializzazione': conversione da 'double' a 'float'. Possibile perdita di dati.
c:\users\utente\desktop\provaassimp\provaassimp\assimp\include\aiQuaternion.h(160): warning C4244: 'inizializzazione': conversione da 'double' a 'const float'. Possibile perdita di dati.
c:\users\utente\desktop\provaassimp\provaassimp\assimp\include\aiQuaternion.h(161): warning C4244: 'inizializzazione': conversione da 'double' a 'float'. Possibile perdita di dati.
c:\users\utente\desktop\provaassimp\provaassimp\assimp\include\aiQuaternion.h(161): warning C4244: 'inizializzazione': conversione da 'double' a 'const float'. Possibile perdita di dati.
c:\users\utente\desktop\provaassimp\provaassimp\assimp\include\aiQuaternion.h(162): warning C4244: 'inizializzazione': conversione da 'double' a 'float'. Possibile perdita di dati.
c:\users\utente\desktop\provaassimp\provaassimp\assimp\include\aiQuaternion.h(162): warning C4244: 'inizializzazione': conversione da 'double' a 'const float'. Possibile perdita di dati.
c:\users\utente\desktop\provaassimp\provaassimp\assimp\include\aiQuaternion.h(163): warning C4244: 'inizializzazione': conversione da 'double' a 'float'. Possibile perdita di dati.
c:\users\utente\desktop\provaassimp\provaassimp\assimp\include\aiQuaternion.h(163): warning C4244: 'inizializzazione': conversione da 'double' a 'const float'. Possibile perdita di dati.
c:\users\utente\desktop\provaassimp\provaassimp\assimp\include\aiQuaternion.h(164): warning C4244: 'inizializzazione': conversione da 'double' a 'float'. Possibile perdita di dati.
c:\users\utente\desktop\provaassimp\provaassimp\assimp\include\aiQuaternion.h(164): warning C4244: 'inizializzazione': conversione da 'double' a 'const float'. Possibile perdita di dati.
c:\users\utente\desktop\provaassimp\provaassimp\assimp\include\aiQuaternion.h(165): warning C4244: 'inizializzazione': conversione da 'double' a 'float'. Possibile perdita di dati.
c:\users\utente\desktop\provaassimp\provaassimp\assimp\include\aiQuaternion.h(165): warning C4244: 'inizializzazione': conversione da 'double' a 'const float'. Possibile perdita di dati.
c:\users\utente\desktop\provaassimp\provaassimp\assimp\include\aiQuaternion.h(198): warning C4244: 'inizializzazione': conversione da 'double' a 'float'. Possibile perdita di dati.
c:\users\utente\desktop\provaassimp\provaassimp\assimp\include\aiQuaternion.h(198): warning C4244: 'inizializzazione': conversione da 'double' a 'const float'. Possibile perdita di dati.
c:\users\utente\desktop\provaassimp\provaassimp\assimp\include\aiQuaternion.h(199): warning C4244: 'inizializzazione': conversione da 'double' a 'float'. Possibile perdita di dati.
c:\users\utente\desktop\provaassimp\provaassimp\assimp\include\aiQuaternion.h(199): warning C4244: 'inizializzazione': conversione da 'double' a 'const float'. Possibile perdita di dati.
c:\users\utente\desktop\provaassimp\provaassimp\assimp\include\aiQuaternion.h(217): warning C4244: '=': conversione da 'double' a 'float'. Possibile perdita di dati.
c:\users\utente\desktop\provaassimp\provaassimp\assimp\include\aiQuaternion.h(246): warning C4244: '=': conversione da 'double' a 'float'. Possibile perdita di dati.
c:\users\utente\desktop\provaassimp\provaassimp\assimp\include\aiQuaternion.h(247): warning C4244: '=': conversione da 'double' a 'float'. Possibile perdita di dati.
c:\users\utente\desktop\provaassimp\provaassimp\assimp\include\aiQuaternion.h(248): warning C4244: '=': conversione da 'double' a 'float'. Possibile perdita di dati.
c:\users\utente\desktop\provaassimp\provaassimp\assimp\include\aiQuaternion.h(249): warning C4244: '=': conversione da 'double' a 'float'. Possibile perdita di dati.
c:\users\utente\desktop\provaassimp\provaassimp\Utils.h(45): warning C4091: 'static ': ignorato a sinistra di 'Utils' quando non si dichiara alcuna variabile
  Level.cpp
c:\users\utente\desktop\provaassimp\provaassimp\assimp\include\aiVector2D.h(75): warning C4244: 'return': conversione da 'double' a 'float'. Possibile perdita di dati.
c:\users\utente\desktop\provaassimp\provaassimp\assimp\include\aiQuaternion.h(122): warning C4244: 'inizializzazione': conversione da 'double' a 'float'. Possibile perdita di dati.
c:\users\utente\desktop\provaassimp\provaassimp\assimp\include\aiQuaternion.h(131): warning C4244: 'inizializzazione': conversione da 'double' a 'float'. Possibile perdita di dati.
c:\users\utente\desktop\provaassimp\provaassimp\assimp\include\aiQuaternion.h(140): warning C4244: 'inizializzazione': conversione da 'double' a 'float'. Possibile perdita di dati.
c:\users\utente\desktop\provaassimp\provaassimp\assimp\include\aiQuaternion.h(148): warning C4244: 'inizializzazione': conversione da 'double' a 'float'. Possibile perdita di dati.
c:\users\utente\desktop\provaassimp\provaassimp\assimp\include\aiQuaternion.h(160): warning C4244: 'inizializzazione': conversione da 'double' a 'float'. Possibile perdita di dati.
c:\users\utente\desktop\provaassimp\provaassimp\assimp\include\aiQuaternion.h(160): warning C4244: 'inizializzazione': conversione da 'double' a 'const float'. Possibile perdita di dati.
c:\users\utente\desktop\provaassimp\provaassimp\assimp\include\aiQuaternion.h(161): warning C4244: 'inizializzazione': conversione da 'double' a 'float'. Possibile perdita di dati.
c:\users\utente\desktop\provaassimp\provaassimp\assimp\include\aiQuaternion.h(161): warning C4244: 'inizializzazione': conversione da 'double' a 'const float'. Possibile perdita di dati.
c:\users\utente\desktop\provaassimp\provaassimp\assimp\include\aiQuaternion.h(162): warning C4244: 'inizializzazione': conversione da 'double' a 'float'. Possibile perdita di dati.
c:\users\utente\desktop\provaassimp\provaassimp\assimp\include\aiQuaternion.h(162): warning C4244: 'inizializzazione': conversione da 'double' a 'const float'. Possibile perdita di dati.
c:\users\utente\desktop\provaassimp\provaassimp\assimp\include\aiQuaternion.h(163): warning C4244: 'inizializzazione': conversione da 'double' a 'float'. Possibile perdita di dati.
c:\users\utente\desktop\provaassimp\provaassimp\assimp\include\aiQuaternion.h(163): warning C4244: 'inizializzazione': conversione da 'double' a 'const float'. Possibile perdita di dati.
c:\users\utente\desktop\provaassimp\provaassimp\assimp\include\aiQuaternion.h(164): warning C4244: 'inizializzazione': conversione da 'double' a 'float'. Possibile perdita di dati.
c:\users\utente\desktop\provaassimp\provaassimp\assimp\include\aiQuaternion.h(164): warning C4244: 'inizializzazione': conversione da 'double' a 'const float'. Possibile perdita di dati.
c:\users\utente\desktop\provaassimp\provaassimp\assimp\include\aiQuaternion.h(165): warning C4244: 'inizializzazione': conversione da 'double' a 'float'. Possibile perdita di dati.
c:\users\utente\desktop\provaassimp\provaassimp\assimp\include\aiQuaternion.h(165): warning C4244: 'inizializzazione': conversione da 'double' a 'const float'. Possibile perdita di dati.
c:\users\utente\desktop\provaassimp\provaassimp\assimp\include\aiQuaternion.h(198): warning C4244: 'inizializzazione': conversione da 'double' a 'float'. Possibile perdita di dati.
c:\users\utente\desktop\provaassimp\provaassimp\assimp\include\aiQuaternion.h(198): warning C4244: 'inizializzazione': conversione da 'double' a 'const float'. Possibile perdita di dati.
c:\users\utente\desktop\provaassimp\provaassimp\assimp\include\aiQuaternion.h(199): warning C4244: 'inizializzazione': conversione da 'double' a 'float'. Possibile perdita di dati.
c:\users\utente\desktop\provaassimp\provaassimp\assimp\include\aiQuaternion.h(199): warning C4244: 'inizializzazione': conversione da 'double' a 'const float'. Possibile perdita di dati.
c:\users\utente\desktop\provaassimp\provaassimp\assimp\include\aiQuaternion.h(217): warning C4244: '=': conversione da 'double' a 'float'. Possibile perdita di dati.
c:\users\utente\desktop\provaassimp\provaassimp\assimp\include\aiQuaternion.h(246): warning C4244: '=': conversione da 'double' a 'float'. Possibile perdita di dati.
c:\users\utente\desktop\provaassimp\provaassimp\assimp\include\aiQuaternion.h(247): warning C4244: '=': conversione da 'double' a 'float'. Possibile perdita di dati.
c:\users\utente\desktop\provaassimp\provaassimp\assimp\include\aiQuaternion.h(248): warning C4244: '=': conversione da 'double' a 'float'. Possibile perdita di dati.
c:\users\utente\desktop\provaassimp\provaassimp\assimp\include\aiQuaternion.h(249): warning C4244: '=': conversione da 'double' a 'float'. Possibile perdita di dati.
c:\users\utente\desktop\provaassimp\provaassimp\Utils.h(45): warning C4091: 'static ': ignorato a sinistra di 'Utils' quando non si dichiara alcuna variabile
Level.cpp(168): warning C4018: '<': errata corrispondenza tra signed e unsigned
  main.cpp
c:\users\utente\desktop\provaassimp\provaassimp\assimp\include\aiVector2D.h(75): warning C4244: 'return': conversione da 'double' a 'float'. Possibile perdita di dati.
c:\users\utente\desktop\provaassimp\provaassimp\assimp\include\aiQuaternion.h(122): warning C4244: 'inizializzazione': conversione da 'double' a 'float'. Possibile perdita di dati.
c:\users\utente\desktop\provaassimp\provaassimp\assimp\include\aiQuaternion.h(131): warning C4244: 'inizializzazione': conversione da 'double' a 'float'. Possibile perdita di dati.
c:\users\utente\desktop\provaassimp\provaassimp\assimp\include\aiQuaternion.h(140): warning C4244: 'inizializzazione': conversione da 'double' a 'float'. Possibile perdita di dati.
c:\users\utente\desktop\provaassimp\provaassimp\assimp\include\aiQuaternion.h(148): warning C4244: 'inizializzazione': conversione da 'double' a 'float'. Possibile perdita di dati.
c:\users\utente\desktop\provaassimp\provaassimp\assimp\include\aiQuaternion.h(160): warning C4244: 'inizializzazione': conversione da 'double' a 'float'. Possibile perdita di dati.
c:\users\utente\desktop\provaassimp\provaassimp\assimp\include\aiQuaternion.h(160): warning C4244: 'inizializzazione': conversione da 'double' a 'const float'. Possibile perdita di dati.
c:\users\utente\desktop\provaassimp\provaassimp\assimp\include\aiQuaternion.h(161): warning C4244: 'inizializzazione': conversione da 'double' a 'float'. Possibile perdita di dati.
c:\users\utente\desktop\provaassimp\provaassimp\assimp\include\aiQuaternion.h(161): warning C4244: 'inizializzazione': conversione da 'double' a 'const float'. Possibile perdita di dati.
c:\users\utente\desktop\provaassimp\provaassimp\assimp\include\aiQuaternion.h(162): warning C4244: 'inizializzazione': conversione da 'double' a 'float'. Possibile perdita di dati.
c:\users\utente\desktop\provaassimp\provaassimp\assimp\include\aiQuaternion.h(162): warning C4244: 'inizializzazione': conversione da 'double' a 'const float'. Possibile perdita di dati.
c:\users\utente\desktop\provaassimp\provaassimp\assimp\include\aiQuaternion.h(163): warning C4244: 'inizializzazione': conversione da 'double' a 'float'. Possibile perdita di dati.
c:\users\utente\desktop\provaassimp\provaassimp\assimp\include\aiQuaternion.h(163): warning C4244: 'inizializzazione': conversione da 'double' a 'const float'. Possibile perdita di dati.
c:\users\utente\desktop\provaassimp\provaassimp\assimp\include\aiQuaternion.h(164): warning C4244: 'inizializzazione': conversione da 'double' a 'float'. Possibile perdita di dati.
c:\users\utente\desktop\provaassimp\provaassimp\assimp\include\aiQuaternion.h(164): warning C4244: 'inizializzazione': conversione da 'double' a 'const float'. Possibile perdita di dati.
c:\users\utente\desktop\provaassimp\provaassimp\assimp\include\aiQuaternion.h(165): warning C4244: 'inizializzazione': conversione da 'double' a 'float'. Possibile perdita di dati.
c:\users\utente\desktop\provaassimp\provaassimp\assimp\include\aiQuaternion.h(165): warning C4244: 'inizializzazione': conversione da 'double' a 'const float'. Possibile perdita di dati.
c:\users\utente\desktop\provaassimp\provaassimp\assimp\include\aiQuaternion.h(198): warning C4244: 'inizializzazione': conversione da 'double' a 'float'. Possibile perdita di dati.
c:\users\utente\desktop\provaassimp\provaassimp\assimp\include\aiQuaternion.h(198): warning C4244: 'inizializzazione': conversione da 'double' a 'const float'. Possibile perdita di dati.
c:\users\utente\desktop\provaassimp\provaassimp\assimp\include\aiQuaternion.h(199): warning C4244: 'inizializzazione': conversione da 'double' a 'float'. Possibile perdita di dati.
c:\users\utente\desktop\provaassimp\provaassimp\assimp\include\aiQuaternion.h(199): warning C4244: 'inizializzazione': conversione da 'double' a 'const float'. Possibile perdita di dati.
c:\users\utente\desktop\provaassimp\provaassimp\assimp\include\aiQuaternion.h(217): warning C4244: '=': conversione da 'double' a 'float'. Possibile perdita di dati.
c:\users\utente\desktop\provaassimp\provaassimp\assimp\include\aiQuaternion.h(246): warning C4244: '=': conversione da 'double' a 'float'. Possibile perdita di dati.
c:\users\utente\desktop\provaassimp\provaassimp\assimp\include\aiQuaternion.h(247): warning C4244: '=': conversione da 'double' a 'float'. Possibile perdita di dati.
c:\users\utente\desktop\provaassimp\provaassimp\assimp\include\aiQuaternion.h(248): warning C4244: '=': conversione da 'double' a 'float'. Possibile perdita di dati.
c:\users\utente\desktop\provaassimp\provaassimp\assimp\include\aiQuaternion.h(249): warning C4244: '=': conversione da 'double' a 'float'. Possibile perdita di dati.
c:\users\utente\desktop\provaassimp\provaassimp\Utils.h(45): warning C4091: 'static ': ignorato a sinistra di 'Utils' quando non si dichiara alcuna variabile
main.cpp(54): warning C4018: '<': errata corrispondenza tra signed e unsigned
main.cpp(69): warning C4018: '<': errata corrispondenza tra signed e unsigned
main.cpp(293): warning C4101: 'stream': variabile locale senza riferimenti
  Obstacle.cpp
c:\users\utente\desktop\provaassimp\provaassimp\assimp\include\aiVector2D.h(75): warning C4244: 'return': conversione da 'double' a 'float'. Possibile perdita di dati.
c:\users\utente\desktop\provaassimp\provaassimp\assimp\include\aiQuaternion.h(122): warning C4244: 'inizializzazione': conversione da 'double' a 'float'. Possibile perdita di dati.
c:\users\utente\desktop\provaassimp\provaassimp\assimp\include\aiQuaternion.h(131): warning C4244: 'inizializzazione': conversione da 'double' a 'float'. Possibile perdita di dati.
c:\users\utente\desktop\provaassimp\provaassimp\assimp\include\aiQuaternion.h(140): warning C4244: 'inizializzazione': conversione da 'double' a 'float'. Possibile perdita di dati.
c:\users\utente\desktop\provaassimp\provaassimp\assimp\include\aiQuaternion.h(148): warning C4244: 'inizializzazione': conversione da 'double' a 'float'. Possibile perdita di dati.
c:\users\utente\desktop\provaassimp\provaassimp\assimp\include\aiQuaternion.h(160): warning C4244: 'inizializzazione': conversione da 'double' a 'float'. Possibile perdita di dati.
c:\users\utente\desktop\provaassimp\provaassimp\assimp\include\aiQuaternion.h(160): warning C4244: 'inizializzazione': conversione da 'double' a 'const float'. Possibile perdita di dati.
c:\users\utente\desktop\provaassimp\provaassimp\assimp\include\aiQuaternion.h(161): warning C4244: 'inizializzazione': conversione da 'double' a 'float'. Possibile perdita di dati.
c:\users\utente\desktop\provaassimp\provaassimp\assimp\include\aiQuaternion.h(161): warning C4244: 'inizializzazione': conversione da 'double' a 'const float'. Possibile perdita di dati.
c:\users\utente\desktop\provaassimp\provaassimp\assimp\include\aiQuaternion.h(162): warning C4244: 'inizializzazione': conversione da 'double' a 'float'. Possibile perdita di dati.
c:\users\utente\desktop\provaassimp\provaassimp\assimp\include\aiQuaternion.h(162): warning C4244: 'inizializzazione': conversione da 'double' a 'const float'. Possibile perdita di dati.
c:\users\utente\desktop\provaassimp\provaassimp\assimp\include\aiQuaternion.h(163): warning C4244: 'inizializzazione': conversione da 'double' a 'float'. Possibile perdita di dati.
c:\users\utente\desktop\provaassimp\provaassimp\assimp\include\aiQuaternion.h(163): warning C4244: 'inizializzazione': conversione da 'double' a 'const float'. Possibile perdita di dati.
c:\users\utente\desktop\provaassimp\provaassimp\assimp\include\aiQuaternion.h(164): warning C4244: 'inizializzazione': conversione da 'double' a 'float'. Possibile perdita di dati.
c:\users\utente\desktop\provaassimp\provaassimp\assimp\include\aiQuaternion.h(164): warning C4244: 'inizializzazione': conversione da 'double' a 'const float'. Possibile perdita di dati.
c:\users\utente\desktop\provaassimp\provaassimp\assimp\include\aiQuaternion.h(165): warning C4244: 'inizializzazione': conversione da 'double' a 'float'. Possibile perdita di dati.
c:\users\utente\desktop\provaassimp\provaassimp\assimp\include\aiQuaternion.h(165): warning C4244: 'inizializzazione': conversione da 'double' a 'const float'. Possibile perdita di dati.
c:\users\utente\desktop\provaassimp\provaassimp\assimp\include\aiQuaternion.h(198): warning C4244: 'inizializzazione': conversione da 'double' a 'float'. Possibile perdita di dati.
c:\users\utente\desktop\provaassimp\provaassimp\assimp\include\aiQuaternion.h(198): warning C4244: 'inizializzazione': conversione da 'double' a 'const float'. Possibile perdita di dati.
c:\users\utente\desktop\provaassimp\provaassimp\assimp\include\aiQuaternion.h(199): warning C4244: 'inizializzazione': conversione da 'double' a 'float'. Possibile perdita di dati.
c:\users\utente\desktop\provaassimp\provaassimp\assimp\include\aiQuaternion.h(199): warning C4244: 'inizializzazione': conversione da 'double' a 'const float'. Possibile perdita di dati.
c:\users\utente\desktop\provaassimp\provaassimp\assimp\include\aiQuaternion.h(217): warning C4244: '=': conversione da 'double' a 'float'. Possibile perdita di dati.
c:\users\utente\desktop\provaassimp\provaassimp\assimp\include\aiQuaternion.h(246): warning C4244: '=': conversione da 'double' a 'float'. Possibile perdita di dati.
c:\users\utente\desktop\provaassimp\provaassimp\assimp\include\aiQuaternion.h(247): warning C4244: '=': conversione da 'double' a 'float'. Possibile perdita di dati.
c:\users\utente\desktop\provaassimp\provaassimp\assimp\include\aiQuaternion.h(248): warning C4244: '=': conversione da 'double' a 'float'. Possibile perdita di dati.
c:\users\utente\desktop\provaassimp\provaassimp\assimp\include\aiQuaternion.h(249): warning C4244: '=': conversione da 'double' a 'float'. Possibile perdita di dati.
c:\users\utente\desktop\provaassimp\provaassimp\Utils.h(45): warning C4091: 'static ': ignorato a sinistra di 'Utils' quando non si dichiara alcuna variabile
  Utils.cpp
c:\users\utente\desktop\provaassimp\provaassimp\assimp\include\aiVector2D.h(75): warning C4244: 'return': conversione da 'double' a 'float'. Possibile perdita di dati.
c:\users\utente\desktop\provaassimp\provaassimp\assimp\include\aiQuaternion.h(122): warning C4244: 'inizializzazione': conversione da 'double' a 'float'. Possibile perdita di dati.
c:\users\utente\desktop\provaassimp\provaassimp\assimp\include\aiQuaternion.h(131): warning C4244: 'inizializzazione': conversione da 'double' a 'float'. Possibile perdita di dati.
c:\users\utente\desktop\provaassimp\provaassimp\assimp\include\aiQuaternion.h(140): warning C4244: 'inizializzazione': conversione da 'double' a 'float'. Possibile perdita di dati.
c:\users\utente\desktop\provaassimp\provaassimp\assimp\include\aiQuaternion.h(148): warning C4244: 'inizializzazione': conversione da 'double' a 'float'. Possibile perdita di dati.
c:\users\utente\desktop\provaassimp\provaassimp\assimp\include\aiQuaternion.h(160): warning C4244: 'inizializzazione': conversione da 'double' a 'float'. Possibile perdita di dati.
c:\users\utente\desktop\provaassimp\provaassimp\assimp\include\aiQuaternion.h(160): warning C4244: 'inizializzazione': conversione da 'double' a 'const float'. Possibile perdita di dati.
c:\users\utente\desktop\provaassimp\provaassimp\assimp\include\aiQuaternion.h(161): warning C4244: 'inizializzazione': conversione da 'double' a 'float'. Possibile perdita di dati.
c:\users\utente\desktop\provaassimp\provaassimp\assimp\include\aiQuaternion.h(161): warning C4244: 'inizializzazione': conversione da 'double' a 'const float'. Possibile perdita di dati.
c:\users\utente\desktop\provaassimp\provaassimp\assimp\include\aiQuaternion.h(162): warning C4244: 'inizializzazione': conversione da 'double' a 'float'. Possibile perdita di dati.
c:\users\utente\desktop\provaassimp\provaassimp\assimp\include\aiQuaternion.h(162): warning C4244: 'inizializzazione': conversione da 'double' a 'const float'. Possibile perdita di dati.
c:\users\utente\desktop\provaassimp\provaassimp\assimp\include\aiQuaternion.h(163): warning C4244: 'inizializzazione': conversione da 'double' a 'float'. Possibile perdita di dati.
c:\users\utente\desktop\provaassimp\provaassimp\assimp\include\aiQuaternion.h(163): warning C4244: 'inizializzazione': conversione da 'double' a 'const float'. Possibile perdita di dati.
c:\users\utente\desktop\provaassimp\provaassimp\assimp\include\aiQuaternion.h(164): warning C4244: 'inizializzazione': conversione da 'double' a 'float'. Possibile perdita di dati.
c:\users\utente\desktop\provaassimp\provaassimp\assimp\include\aiQuaternion.h(164): warning C4244: 'inizializzazione': conversione da 'double' a 'const float'. Possibile perdita di dati.
c:\users\utente\desktop\provaassimp\provaassimp\assimp\include\aiQuaternion.h(165): warning C4244: 'inizializzazione': conversione da 'double' a 'float'. Possibile perdita di dati.
c:\users\utente\desktop\provaassimp\provaassimp\assimp\include\aiQuaternion.h(165): warning C4244: 'inizializzazione': conversione da 'double' a 'const float'. Possibile perdita di dati.
c:\users\utente\desktop\provaassimp\provaassimp\assimp\include\aiQuaternion.h(198): warning C4244: 'inizializzazione': conversione da 'double' a 'float'. Possibile perdita di dati.
c:\users\utente\desktop\provaassimp\provaassimp\assimp\include\aiQuaternion.h(198): warning C4244: 'inizializzazione': conversione da 'double' a 'const float'. Possibile perdita di dati.
c:\users\utente\desktop\provaassimp\provaassimp\assimp\include\aiQuaternion.h(199): warning C4244: 'inizializzazione': conversione da 'double' a 'float'. Possibile perdita di dati.
c:\users\utente\desktop\provaassimp\provaassimp\assimp\include\aiQuaternion.h(199): warning C4244: 'inizializzazione': conversione da 'double' a 'const float'. Possibile perdita di dati.
c:\users\utente\desktop\provaassimp\provaassimp\assimp\include\aiQuaternion.h(217): warning C4244: '=': conversione da 'double' a 'float'. Possibile perdita di dati.
c:\users\utente\desktop\provaassimp\provaassimp\assimp\include\aiQuaternion.h(246): warning C4244: '=': conversione da 'double' a 'float'. Possibile perdita di dati.
c:\users\utente\desktop\provaassimp\provaassimp\assimp\include\aiQuaternion.h(247): warning C4244: '=': conversione da 'double' a 'float'. Possibile perdita di dati.
c:\users\utente\desktop\provaassimp\provaassimp\assimp\include\aiQuaternion.h(248): warning C4244: '=': conversione da 'double' a 'float'. Possibile perdita di dati.
c:\users\utente\desktop\provaassimp\provaassimp\assimp\include\aiQuaternion.h(249): warning C4244: '=': conversione da 'double' a 'float'. Possibile perdita di dati.
c:\users\utente\desktop\provaassimp\provaassimp\Utils.h(45): warning C4091: 'static ': ignorato a sinistra di 'Utils' quando non si dichiara alcuna variabile
  Generazione codice in corso...
  All 928 functions were compiled because no usable IPDB/IOBJ from previous compilation was found.
  Generazione codice terminata
  ProvaAssimp.vcxproj -> C:\Users\utente\Desktop\ProvaAssimp\Release\ProvaAssimp.exe
